CRITICAL - 2021-01-05 21:14:01 --> Cannot declare class App\Controllers\Auth, because the name is already in use
#0 [internal function]: CodeIgniter\Debug\Exceptions->shutdownHandler()
#1 {main}
CRITICAL - 2021-01-05 21:15:05 --> Class 'App\Controllers\Api\BaseController' not found
#0 C:\laragon\www\sinauflu\vendor\codeigniter4\framework\system\Autoloader\Autoloader.php(365): require_once()
#1 C:\laragon\www\sinauflu\vendor\codeigniter4\framework\system\Autoloader\Autoloader.php(296): CodeIgniter\Autoloader\Autoloader->requireFile('C:\\laragon\\www\\...')
#2 C:\laragon\www\sinauflu\vendor\codeigniter4\framework\system\Autoloader\Autoloader.php(258): CodeIgniter\Autoloader\Autoloader->loadInNamespace('App\\Controllers...')
#3 [internal function]: CodeIgniter\Autoloader\Autoloader->loadClass('App\\Controllers...')
#4 [internal function]: spl_autoload_call('App\\Controllers...')
#5 C:\laragon\www\sinauflu\vendor\codeigniter4\framework\system\CodeIgniter.php(869): class_exists('\\App\\Controller...', true)
#6 C:\laragon\www\sinauflu\vendor\codeigniter4\framework\system\CodeIgniter.php(394): CodeIgniter\CodeIgniter->startController()
#7 C:\laragon\www\sinauflu\vendor\codeigniter4\framework\system\CodeIgniter.php(312): CodeIgniter\CodeIgniter->handleRequest(NULL, Object(Config\Cache), false)
#8 C:\laragon\www\sinauflu\public\index.php(45): CodeIgniter\CodeIgniter->run()
#9 {main}
CRITICAL - 2021-01-05 21:15:05 --> Class 'App\Controllers\Api\BaseController' not found
#0 C:\laragon\www\sinauflu\vendor\codeigniter4\framework\system\Autoloader\Autoloader.php(365): require_once()
#1 C:\laragon\www\sinauflu\vendor\codeigniter4\framework\system\Autoloader\Autoloader.php(296): CodeIgniter\Autoloader\Autoloader->requireFile('C:\\laragon\\www\\...')
#2 C:\laragon\www\sinauflu\vendor\codeigniter4\framework\system\Autoloader\Autoloader.php(258): CodeIgniter\Autoloader\Autoloader->loadInNamespace('App\\Controllers...')
#3 [internal function]: CodeIgniter\Autoloader\Autoloader->loadClass('App\\Controllers...')
#4 [internal function]: spl_autoload_call('App\\Controllers...')
#5 C:\laragon\www\sinauflu\vendor\codeigniter4\framework\system\CodeIgniter.php(869): class_exists('\\App\\Controller...', true)
#6 C:\laragon\www\sinauflu\vendor\codeigniter4\framework\system\CodeIgniter.php(394): CodeIgniter\CodeIgniter->startController()
#7 C:\laragon\www\sinauflu\vendor\codeigniter4\framework\system\CodeIgniter.php(312): CodeIgniter\CodeIgniter->handleRequest(NULL, Object(Config\Cache), false)
#8 C:\laragon\www\sinauflu\public\index.php(45): CodeIgniter\CodeIgniter->run()
#9 {main}
CRITICAL - 2021-01-05 21:15:05 --> Class 'App\Controllers\Api\BaseController' not found
#0 C:\laragon\www\sinauflu\vendor\codeigniter4\framework\system\Autoloader\Autoloader.php(365): require_once()
#1 C:\laragon\www\sinauflu\vendor\codeigniter4\framework\system\Autoloader\Autoloader.php(296): CodeIgniter\Autoloader\Autoloader->requireFile('C:\\laragon\\www\\...')
#2 C:\laragon\www\sinauflu\vendor\codeigniter4\framework\system\Autoloader\Autoloader.php(258): CodeIgniter\Autoloader\Autoloader->loadInNamespace('App\\Controllers...')
#3 [internal function]: CodeIgniter\Autoloader\Autoloader->loadClass('App\\Controllers...')
#4 [internal function]: spl_autoload_call('App\\Controllers...')
#5 C:\laragon\www\sinauflu\vendor\codeigniter4\framework\system\CodeIgniter.php(869): class_exists('\\App\\Controller...', true)
#6 C:\laragon\www\sinauflu\vendor\codeigniter4\framework\system\CodeIgniter.php(394): CodeIgniter\CodeIgniter->startController()
#7 C:\laragon\www\sinauflu\vendor\codeigniter4\framework\system\CodeIgniter.php(312): CodeIgniter\CodeIgniter->handleRequest(NULL, Object(Config\Cache), false)
#8 C:\laragon\www\sinauflu\public\index.php(45): CodeIgniter\CodeIgniter->run()
#9 {main}
CRITICAL - 2021-01-05 21:15:06 --> Class 'App\Controllers\Api\BaseController' not found
#0 C:\laragon\www\sinauflu\vendor\codeigniter4\framework\system\Autoloader\Autoloader.php(365): require_once()
#1 C:\laragon\www\sinauflu\vendor\codeigniter4\framework\system\Autoloader\Autoloader.php(296): CodeIgniter\Autoloader\Autoloader->requireFile('C:\\laragon\\www\\...')
#2 C:\laragon\www\sinauflu\vendor\codeigniter4\framework\system\Autoloader\Autoloader.php(258): CodeIgniter\Autoloader\Autoloader->loadInNamespace('App\\Controllers...')
#3 [internal function]: CodeIgniter\Autoloader\Autoloader->loadClass('App\\Controllers...')
#4 [internal function]: spl_autoload_call('App\\Controllers...')
#5 C:\laragon\www\sinauflu\vendor\codeigniter4\framework\system\CodeIgniter.php(869): class_exists('\\App\\Controller...', true)
#6 C:\laragon\www\sinauflu\vendor\codeigniter4\framework\system\CodeIgniter.php(394): CodeIgniter\CodeIgniter->startController()
#7 C:\laragon\www\sinauflu\vendor\codeigniter4\framework\system\CodeIgniter.php(312): CodeIgniter\CodeIgniter->handleRequest(NULL, Object(Config\Cache), false)
#8 C:\laragon\www\sinauflu\public\index.php(45): CodeIgniter\CodeIgniter->run()
#9 {main}
CRITICAL - 2021-01-05 21:15:06 --> Class 'App\Controllers\Api\BaseController' not found
#0 C:\laragon\www\sinauflu\vendor\codeigniter4\framework\system\Autoloader\Autoloader.php(365): require_once()
#1 C:\laragon\www\sinauflu\vendor\codeigniter4\framework\system\Autoloader\Autoloader.php(296): CodeIgniter\Autoloader\Autoloader->requireFile('C:\\laragon\\www\\...')
#2 C:\laragon\www\sinauflu\vendor\codeigniter4\framework\system\Autoloader\Autoloader.php(258): CodeIgniter\Autoloader\Autoloader->loadInNamespace('App\\Controllers...')
#3 [internal function]: CodeIgniter\Autoloader\Autoloader->loadClass('App\\Controllers...')
#4 [internal function]: spl_autoload_call('App\\Controllers...')
#5 C:\laragon\www\sinauflu\vendor\codeigniter4\framework\system\CodeIgniter.php(869): class_exists('\\App\\Controller...', true)
#6 C:\laragon\www\sinauflu\vendor\codeigniter4\framework\system\CodeIgniter.php(394): CodeIgniter\CodeIgniter->startController()
#7 C:\laragon\www\sinauflu\vendor\codeigniter4\framework\system\CodeIgniter.php(312): CodeIgniter\CodeIgniter->handleRequest(NULL, Object(Config\Cache), false)
#8 C:\laragon\www\sinauflu\public\index.php(45): CodeIgniter\CodeIgniter->run()
#9 {main}
CRITICAL - 2021-01-05 21:15:06 --> Class 'App\Controllers\Api\BaseController' not found
#0 C:\laragon\www\sinauflu\vendor\codeigniter4\framework\system\Autoloader\Autoloader.php(365): require_once()
#1 C:\laragon\www\sinauflu\vendor\codeigniter4\framework\system\Autoloader\Autoloader.php(296): CodeIgniter\Autoloader\Autoloader->requireFile('C:\\laragon\\www\\...')
#2 C:\laragon\www\sinauflu\vendor\codeigniter4\framework\system\Autoloader\Autoloader.php(258): CodeIgniter\Autoloader\Autoloader->loadInNamespace('App\\Controllers...')
#3 [internal function]: CodeIgniter\Autoloader\Autoloader->loadClass('App\\Controllers...')
#4 [internal function]: spl_autoload_call('App\\Controllers...')
#5 C:\laragon\www\sinauflu\vendor\codeigniter4\framework\system\CodeIgniter.php(869): class_exists('\\App\\Controller...', true)
#6 C:\laragon\www\sinauflu\vendor\codeigniter4\framework\system\CodeIgniter.php(394): CodeIgniter\CodeIgniter->startController()
#7 C:\laragon\www\sinauflu\vendor\codeigniter4\framework\system\CodeIgniter.php(312): CodeIgniter\CodeIgniter->handleRequest(NULL, Object(Config\Cache), false)
#8 C:\laragon\www\sinauflu\public\index.php(45): CodeIgniter\CodeIgniter->run()
#9 {main}
CRITICAL - 2021-01-05 21:15:11 --> Class 'App\Controllers\Api\BaseController' not found
#0 C:\laragon\www\sinauflu\vendor\codeigniter4\framework\system\Router\Router.php(583): include_once()
#1 C:\laragon\www\sinauflu\vendor\codeigniter4\framework\system\Router\Router.php(195): CodeIgniter\Router\Router->autoRoute('api/auth/signup')
#2 C:\laragon\www\sinauflu\vendor\codeigniter4\framework\system\CodeIgniter.php(793): CodeIgniter\Router\Router->handle('api/auth/signup')
#3 C:\laragon\www\sinauflu\vendor\codeigniter4\framework\system\CodeIgniter.php(364): CodeIgniter\CodeIgniter->tryToRouteIt(Object(CodeIgniter\Router\RouteCollection))
#4 C:\laragon\www\sinauflu\vendor\codeigniter4\framework\system\CodeIgniter.php(312): CodeIgniter\CodeIgniter->handleRequest(NULL, Object(Config\Cache), false)
#5 C:\laragon\www\sinauflu\public\index.php(45): CodeIgniter\CodeIgniter->run()
#6 {main}
